#
# There is insufficient memory for the Java Runtime Environment to continue.
# Native memory allocation (malloc) failed to allocate 1054256 bytes. Error detail: Chunk::new
# Possible reasons:
#   The system is out of physical RAM or swap space
#   This process is running with CompressedOops enabled, and the Java Heap may be blocking the growth of the native heap
# Possible solutions:
#   Reduce memory load on the system
#   Increase physical memory or swap space
#   Check if swap backing store is full
#   Decrease Java heap size (-Xmx/-Xms)
#   Decrease number of Java threads
#   Decrease Java thread stack sizes (-Xss)
#   Set larger code cache with -XX:ReservedCodeCacheSize=
#   JVM is running with Unscaled Compressed Oops mode in which the Java heap is
#     placed in the first 4GB address space. The Java Heap base address is the
#     maximum limit for the native heap growth. Please use -XX:HeapBaseMinAddress
#     to set the Java Heap base and to place the Java Heap above 4GB virtual address.
# This output file may be truncated or incomplete.
#
#  Out of Memory Error (arena.cpp:168), pid=18740, tid=10272
#
# JRE version: OpenJDK Runtime Environment Temurin-21.0.8+9 (21.0.8+9) (build 21.0.8+9-LTS)
# Java VM: OpenJDK 64-Bit Server VM Temurin-21.0.8+9 (21.0.8+9-LTS, mixed mode, sharing, tiered, compressed oops, compressed class ptrs, parallel gc, windows-amd64)
# No core dump will be written. Minidumps are not enabled by default on client versions of Windows
#

---------------  S U M M A R Y ------------

Command Line: --add-modules=ALL-SYSTEM --add-opens=java.base/java.util=ALL-UNNAMED --add-opens=java.base/java.lang=ALL-UNNAMED --add-opens=java.base/sun.nio.fs=ALL-UNNAMED -Declipse.application=org.eclipse.jdt.ls.core.id1 -Dosgi.bundles.defaultStartLevel=4 -Declipse.product=org.eclipse.jdt.ls.core.product -Djava.import.generatesMetadataFilesAtProjectRoot=false -DDetectVMInstallationsJob.disabled=true -Dfile.encoding=utf8 -XX:+UseParallelGC -XX:GCTimeRatio=4 -XX:AdaptiveSizePolicyWeight=90 -Dsun.zip.disableMemoryMapping=true -Xmx2G -Xms100m -Xlog:disable -javaagent:c:\Users\gianmarcoCossio\.vscode\extensions\redhat.java-1.46.0-win32-x64\lombok\lombok-1.18.39-4050.jar -XX:+HeapDumpOnOutOfMemoryError -XX:HeapDumpPath=c:\Users\gianmarcoCossio\AppData\Roaming\Code\User\workspaceStorage\2958faadd93dec4beeb9ab44f71516fa\redhat.java -Daether.dependencyCollector.impl=bf c:\Users\gianmarcoCossio\.vscode\extensions\redhat.java-1.46.0-win32-x64\server\plugins\org.eclipse.equinox.launcher_1.7.0.v20250519-0528.jar -configuration c:\Users\gianmarcoCossio\AppData\Roaming\Code\User\globalStorage\redhat.java\1.46.0\config_win -data c:\Users\gianmarcoCossio\AppData\Roaming\Code\User\workspaceStorage\2958faadd93dec4beeb9ab44f71516fa\redhat.java\jdt_ws --pipe=\\.\pipe\lsp-c01ea5caa7dacaf16d73546e1e3d326d-sock

Host: AMD Ryzen 7 5700U with Radeon Graphics         , 16 cores, 5G,  Windows 11 , 64 bit Build 26100 (10.0.26100.5074)
Time: Tue Oct  7 15:19:16 2025 SA Pacific Standard Time elapsed time: 501.696729 seconds (0d 0h 8m 21s)

---------------  T H R E A D  ---------------

Current thread (0x0000021c64a65f60):  JavaThread "C2 CompilerThread0" daemon [_thread_in_native, id=10272, stack(0x000000bd5a900000,0x000000bd5aa00000) (1024K)]


Current CompileTask:
C2:501696 26340       4       org.eclipse.jdt.internal.core.search.matching.JavaSearchNameEnvironment::findClass (449 bytes)

Stack: [0x000000bd5a900000,0x000000bd5aa00000]
Native frames: (J=compiled Java code, j=interpreted, Vv=VM code, C=native code)
V  [jvm.dll+0x6d2449]
V  [jvm.dll+0x8ae341]
V  [jvm.dll+0x8b08be]
V  [jvm.dll+0x8b0fa3]
V  [jvm.dll+0x280c96]
V  [jvm.dll+0xc581d]
V  [jvm.dll+0xc5d53]
V  [jvm.dll+0x3b919c]
V  [jvm.dll+0x385315]
V  [jvm.dll+0x38477a]
V  [jvm.dll+0x248ed0]
V  [jvm.dll+0x2484af]
V  [jvm.dll+0x1c89ee]
V  [jvm.dll+0x257d4d]
V  [jvm.dll+0x2562ea]
V  [jvm.dll+0x3f2d16]
V  [jvm.dll+0x857e6b]
V  [jvm.dll+0x6d0b0d]
C  [ucrtbase.dll+0x37b0]
C  [KERNEL32.DLL+0x2e8d7]
C  [ntdll.dll+0x8d9c]


---------------  P R O C E S S  ---------------

Threads class SMR info:
_java_thread_list=0x0000021c6b0df300, length=73, elements={
0x0000021c4a94d170, 0x0000021c6369ca40, 0x0000021c4cca62e0, 0x0000021c4ccaa4a0,
0x0000021c4ccad3d0, 0x0000021c4ccac980, 0x0000021c4ccb7540, 0x0000021c64a65f60,
0x0000021c64a74590, 0x0000021c64b68e10, 0x0000021c6638cda0, 0x0000021c666c7ca0,
0x0000021c66a0b9e0, 0x0000021c6b3ca530, 0x0000021c6b14d7f0, 0x0000021c6b765c90,
0x0000021c6b75bf00, 0x0000021c6b819200, 0x0000021c6bae1b10, 0x0000021c6bb83e50,
0x0000021c6bb83130, 0x0000021c6bb816f0, 0x0000021c6bb82410, 0x0000021c6bb82aa0,
0x0000021c6bb837c0, 0x0000021c6bb844e0, 0x0000021c6de414b0, 0x0000021c6de42860,
0x0000021c6de42ef0, 0x0000021c6de40100, 0x0000021c6de40e20, 0x0000021c6de41b40,
0x0000021c6de421d0, 0x0000021c6de3fa70, 0x0000021c6de43580, 0x0000021c6de43c10,
0x0000021c6de40790, 0x0000021c6de44930, 0x0000021c6de45650, 0x0000021c6de44fc0,
0x0000021c6de47090, 0x0000021c6de45ce0, 0x0000021c6de46370, 0x0000021c6de46a00,
0x0000021c6de442a0, 0x0000021c6dddb890, 0x0000021c6dddb200, 0x0000021c6ddda4e0,
0x0000021c6dddc5b0, 0x0000021c6dddd2d0, 0x0000021c6dddbf20, 0x0000021c6dddcc40,
0x0000021c6dddd960, 0x0000021c6dddab70, 0x0000021c6c388c70, 0x0000021c6c38b3d0,
0x0000021c6c38ba60, 0x0000021c6c389300, 0x0000021c6c38a020, 0x0000021c6c38f570,
0x0000021c6cd5ffc0, 0x0000021c6c389990, 0x0000021c6c38fc00, 0x0000021c6c38c780,
0x0000021c6b2aa2d0, 0x0000021c6b2a95b0, 0x0000021c6b2a8890, 0x0000021c6c846b60,
0x0000021c6c848c30, 0x0000021c6c8457b0, 0x0000021c6c8471f0, 0x0000021c78669b60,
0x0000021c78668020
}

Java Threads: ( => current thread )
  0x0000021c4a94d170 JavaThread "main"                              [_thread_blocked, id=7240, stack(0x000000bd59f00000,0x000000bd5a000000) (1024K)]
  0x0000021c6369ca40 JavaThread "Reference Handler"          daemon [_thread_blocked, id=8652, stack(0x000000bd5a300000,0x000000bd5a400000) (1024K)]
  0x0000021c4cca62e0 JavaThread "Finalizer"                  daemon [_thread_blocked, id=20908, stack(0x000000bd5a400000,0x000000bd5a500000) (1024K)]
  0x0000021c4ccaa4a0 JavaThread "Signal Dispatcher"          daemon [_thread_blocked, id=8260, stack(0x000000bd5a500000,0x000000bd5a600000) (1024K)]
  0x0000021c4ccad3d0 JavaThread "Attach Listener"            daemon [_thread_blocked, id=24268, stack(0x000000bd5a600000,0x000000bd5a700000) (1024K)]
  0x0000021c4ccac980 JavaThread "Service Thread"             daemon [_thread_blocked, id=1668, stack(0x000000bd5a700000,0x000000bd5a800000) (1024K)]
  0x0000021c4ccb7540 JavaThread "Monitor Deflation Thread"   daemon [_thread_blocked, id=21072, stack(0x000000bd5a800000,0x000000bd5a900000) (1024K)]
=>0x0000021c64a65f60 JavaThread "C2 CompilerThread0"         daemon [_thread_in_native, id=10272, stack(0x000000bd5a900000,0x000000bd5aa00000) (1024K)]
  0x0000021c64a74590 JavaThread "C1 CompilerThread0"         daemon [_thread_blocked, id=23972, stack(0x000000bd5aa00000,0x000000bd5ab00000) (1024K)]
  0x0000021c64b68e10 JavaThread "Common-Cleaner"             daemon [_thread_blocked, id=10604, stack(0x000000bd5ab00000,0x000000bd5ac00000) (1024K)]
  0x0000021c6638cda0 JavaThread "Notification Thread"        daemon [_thread_blocked, id=4904, stack(0x000000bd5b000000,0x000000bd5b100000) (1024K)]
  0x0000021c666c7ca0 JavaThread "Active Thread: Equinox Container: e436e1db-4976-4c1c-a9c7-ad2cd807f42b"        [_thread_blocked, id=15336, stack(0x000000bd5b700000,0x000000bd5b800000) (1024K)]
  0x0000021c66a0b9e0 JavaThread "Refresh Thread: Equinox Container: e436e1db-4976-4c1c-a9c7-ad2cd807f42b" daemon [_thread_blocked, id=8400, stack(0x000000bd5b900000,0x000000bd5ba00000) (1024K)]
  0x0000021c6b3ca530 JavaThread "Framework Event Dispatcher: Equinox Container: e436e1db-4976-4c1c-a9c7-ad2cd807f42b" daemon [_thread_blocked, id=10228, stack(0x000000bd5ba00000,0x000000bd5bb00000) (1024K)]
  0x0000021c6b14d7f0 JavaThread "Start Level: Equinox Container: e436e1db-4976-4c1c-a9c7-ad2cd807f42b" daemon [_thread_blocked, id=17592, stack(0x000000bd5bb00000,0x000000bd5bc00000) (1024K)]
  0x0000021c6b765c90 JavaThread "Bundle File Closer"         daemon [_thread_blocked, id=23604, stack(0x000000bd5bf00000,0x000000bd5c000000) (1024K)]
  0x0000021c6b75bf00 JavaThread "SCR Component Actor"        daemon [_thread_blocked, id=22832, stack(0x000000bd5c000000,0x000000bd5c100000) (1024K)]
  0x0000021c6b819200 JavaThread "Worker-JM"                         [_thread_blocked, id=12068, stack(0x000000bd5c200000,0x000000bd5c300000) (1024K)]
  0x0000021c6bae1b10 JavaThread "JNA Cleaner"                daemon [_thread_blocked, id=14600, stack(0x000000bd5c300000,0x000000bd5c400000) (1024K)]
  0x0000021c6bb83e50 JavaThread "Worker-0: Building"                [_thread_in_vm, id=23948, stack(0x000000bd5c400000,0x000000bd5c500000) (1024K)]
  0x0000021c6bb83130 JavaThread "Worker-1"                          [_thread_blocked, id=24520, stack(0x000000bd5c500000,0x000000bd5c600000) (1024K)]
  0x0000021c6bb816f0 JavaThread "Java indexing"              daemon [_thread_blocked, id=7308, stack(0x000000bd5c700000,0x000000bd5c800000) (1024K)]
  0x0000021c6bb82410 JavaThread "Worker-4"                          [_thread_blocked, id=13620, stack(0x000000bd5cc00000,0x000000bd5cd00000) (1024K)]
  0x0000021c6bb82aa0 JavaThread "Thread-1"                   daemon [_thread_in_native, id=20504, stack(0x000000bd5cd00000,0x000000bd5ce00000) (1024K)]
  0x0000021c6bb837c0 JavaThread "Thread-2"                   daemon [_thread_in_native, id=4884, stack(0x000000bd5ce00000,0x000000bd5cf00000) (1024K)]
  0x0000021c6bb844e0 JavaThread "Thread-3"                   daemon [_thread_in_native, id=12864, stack(0x000000bd5cf00000,0x000000bd5d000000) (1024K)]
  0x0000021c6de414b0 JavaThread "Thread-4"                   daemon [_thread_in_native, id=12832, stack(0x000000bd5d000000,0x000000bd5d100000) (1024K)]
  0x0000021c6de42860 JavaThread "Thread-5"                   daemon [_thread_in_native, id=6036, stack(0x000000bd5d100000,0x000000bd5d200000) (1024K)]
  0x0000021c6de42ef0 JavaThread "Thread-6"                   daemon [_thread_in_native, id=8364, stack(0x000000bd5d200000,0x000000bd5d300000) (1024K)]
  0x0000021c6de40100 JavaThread "Thread-7"                   daemon [_thread_in_native, id=10444, stack(0x000000bd5d300000,0x000000bd5d400000) (1024K)]
  0x0000021c6de40e20 JavaThread "Thread-8"                   daemon [_thread_in_native, id=11368, stack(0x000000bd5d400000,0x000000bd5d500000) (1024K)]
  0x0000021c6de41b40 JavaThread "Thread-9"                   daemon [_thread_in_native, id=10756, stack(0x000000bd5d500000,0x000000bd5d600000) (1024K)]
  0x0000021c6de421d0 JavaThread "Thread-10"                  daemon [_thread_in_native, id=17752, stack(0x000000bd5d600000,0x000000bd5d700000) (1024K)]
  0x0000021c6de3fa70 JavaThread "Thread-11"                  daemon [_thread_in_native, id=11756, stack(0x000000bd5d700000,0x000000bd5d800000) (1024K)]
  0x0000021c6de43580 JavaThread "Thread-12"                  daemon [_thread_in_native, id=14316, stack(0x000000bd5d800000,0x000000bd5d900000) (1024K)]
  0x0000021c6de43c10 JavaThread "Thread-13"                  daemon [_thread_in_native, id=14708, stack(0x000000bd5d900000,0x000000bd5da00000) (1024K)]
  0x0000021c6de40790 JavaThread "Thread-14"                  daemon [_thread_in_native, id=21944, stack(0x000000bd5da00000,0x000000bd5db00000) (1024K)]
  0x0000021c6de44930 JavaThread "Thread-15"                  daemon [_thread_in_native, id=23988, stack(0x000000bd5db00000,0x000000bd5dc00000) (1024K)]
  0x0000021c6de45650 JavaThread "Thread-16"                  daemon [_thread_in_native, id=8012, stack(0x000000bd5dc00000,0x000000bd5dd00000) (1024K)]
  0x0000021c6de44fc0 JavaThread "Thread-17"                  daemon [_thread_in_native, id=4524, stack(0x000000bd5dd00000,0x000000bd5de00000) (1024K)]
  0x0000021c6de47090 JavaThread "pool-2-thread-1"                   [_thread_blocked, id=16292, stack(0x000000bd5de00000,0x000000bd5df00000) (1024K)]
  0x0000021c6de45ce0 JavaThread "WorkspaceEventsHandler"            [_thread_blocked, id=9088, stack(0x000000bd5df00000,0x000000bd5e000000) (1024K)]
  0x0000021c6de46370 JavaThread "pool-1-thread-1"                   [_thread_blocked, id=21836, stack(0x000000bd5e000000,0x000000bd5e100000) (1024K)]
  0x0000021c6de46a00 JavaThread "ForkJoinPool.commonPool-worker-1" daemon [_thread_blocked, id=6896, stack(0x000000bd5e100000,0x000000bd5e200000) (1024K)]
  0x0000021c6de442a0 JavaThread "ForkJoinPool.commonPool-worker-2" daemon [_thread_blocked, id=8380, stack(0x000000bd5e200000,0x000000bd5e300000) (1024K)]
  0x0000021c6dddb890 JavaThread "ForkJoinPool.commonPool-worker-3" daemon [_thread_blocked, id=18792, stack(0x000000bd5e300000,0x000000bd5e400000) (1024K)]
  0x0000021c6dddb200 JavaThread "ForkJoinPool.commonPool-worker-4" daemon [_thread_blocked, id=22804, stack(0x000000bd5e400000,0x000000bd5e500000) (1024K)]
  0x0000021c6ddda4e0 JavaThread "ForkJoinPool.commonPool-worker-5" daemon [_thread_blocked, id=9376, stack(0x000000bd5e500000,0x000000bd5e600000) (1024K)]
  0x0000021c6dddc5b0 JavaThread "ForkJoinPool.commonPool-worker-6" daemon [_thread_blocked, id=5520, stack(0x000000bd5e600000,0x000000bd5e700000) (1024K)]
  0x0000021c6dddd2d0 JavaThread "ForkJoinPool.commonPool-worker-7" daemon [_thread_blocked, id=23512, stack(0x000000bd5e700000,0x000000bd5e800000) (1024K)]
  0x0000021c6dddbf20 JavaThread "ForkJoinPool.commonPool-worker-8" daemon [_thread_blocked, id=5280, stack(0x000000bd5e800000,0x000000bd5e900000) (1024K)]
  0x0000021c6dddcc40 JavaThread "ForkJoinPool.commonPool-worker-10" daemon [_thread_blocked, id=11312, stack(0x000000bd5e900000,0x000000bd5ea00000) (1024K)]
  0x0000021c6dddd960 JavaThread "ForkJoinPool.commonPool-worker-9" daemon [_thread_blocked, id=9252, stack(0x000000bd5ea00000,0x000000bd5eb00000) (1024K)]
  0x0000021c6dddab70 JavaThread "ForkJoinPool.commonPool-worker-11" daemon [_thread_blocked, id=24432, stack(0x000000bd5eb00000,0x000000bd5ec00000) (1024K)]
  0x0000021c6c388c70 JavaThread "ForkJoinPool.commonPool-worker-12" daemon [_thread_blocked, id=2356, stack(0x000000bd5ec00000,0x000000bd5ed00000) (1024K)]
  0x0000021c6c38b3d0 JavaThread "ForkJoinPool.commonPool-worker-13" daemon [_thread_blocked, id=23692, stack(0x000000bd5ed00000,0x000000bd5ee00000) (1024K)]
  0x0000021c6c38ba60 JavaThread "ForkJoinPool.commonPool-worker-14" daemon [_thread_blocked, id=22460, stack(0x000000bd5ee00000,0x000000bd5ef00000) (1024K)]
  0x0000021c6c389300 JavaThread "ForkJoinPool.commonPool-worker-15" daemon [_thread_blocked, id=22744, stack(0x000000bd5ef00000,0x000000bd5f000000) (1024K)]
  0x0000021c6c38a020 JavaThread "Cleaner-0"                  daemon [_thread_blocked, id=3260, stack(0x000000bd5f000000,0x000000bd5f100000) (1024K)]
  0x0000021c6c38f570 JavaThread "Worker-5"                          [_thread_blocked, id=3528, stack(0x000000bd59d00000,0x000000bd59e00000) (1024K)]
  0x0000021c6cd5ffc0 JavaThread "Compiler Source File Reader" daemon [_thread_blocked, id=6376, stack(0x000000bd59c00000,0x000000bd59d00000) (1024K)]
  0x0000021c6c389990 JavaThread "Compiler Source File Reader" daemon [_thread_blocked, id=8776, stack(0x000000bd5af00000,0x000000bd5b000000) (1024K)]
  0x0000021c6c38fc00 JavaThread "Compiler Source File Reader" daemon [_thread_blocked, id=8548, stack(0x000000bd5c900000,0x000000bd5ca00000) (1024K)]
  0x0000021c6c38c780 JavaThread "Compiler Source File Reader" daemon [_thread_blocked, id=14076, stack(0x000000bd5ca00000,0x000000bd5cb00000) (1024K)]
  0x0000021c6b2aa2d0 JavaThread "Compiler Source File Reader" daemon [_thread_blocked, id=2856, stack(0x000000bd5f100000,0x000000bd5f200000) (1024K)]
  0x0000021c6b2a95b0 JavaThread "Worker-7"                          [_thread_blocked, id=24564, stack(0x000000bd5f300000,0x000000bd5f400000) (1024K)]
  0x0000021c6b2a8890 JavaThread "Compiler Source File Reader" daemon [_thread_blocked, id=11760, stack(0x000000bd5f400000,0x000000bd5f500000) (1024K)]
  0x0000021c6c846b60 JavaThread "Compiler Source File Reader" daemon [_thread_blocked, id=13144, stack(0x000000bd59e00000,0x000000bd59f00000) (1024K)]
  0x0000021c6c848c30 JavaThread "Worker-8"                          [_thread_blocked, id=17628, stack(0x000000bd5ac00000,0x000000bd5ad00000) (1024K)]
  0x0000021c6c8457b0 JavaThread "Compiler Processing Task"   daemon [_thread_blocked, id=18536, stack(0x000000bd5ad00000,0x000000bd5ae00000) (1024K)]
  0x0000021c6c8471f0 JavaThread "Compiler Source File Reader" daemon [_thread_blocked, id=10576, stack(0x000000bd5c600000,0x000000bd5c700000) (1024K)]
  0x0000021c78669b60 JavaThread "C2 CompilerThread1"         daemon [_thread_blocked, id=19776, stack(0x000000bd5c800000,0x000000bd5c900000) (1024K)]
  0x0000021c78668020 JavaThread "C1 CompilerThread1"         daemon [_thread_blocked, id=22916, stack(0x000000bd5cb00000,0x000000bd5cc00000) (1024K)]
Total: 73

Other Threads:
  0x0000021c4cca49d0 VMThread "VM Thread"                           [id=22896, stack(0x000000bd5a200000,0x000000bd5a300000) (1024K)] _threads_hazard_ptr=0x0000021c6b0df300
  0x0000021c6357ca00 WatcherThread "VM Periodic Task Thread"        [id=15424, stack(0x000000bd5a100000,0x000000bd5a200000) (1024K)]
  0x0000021c4cc1fae0 WorkerThread "GC Thread#0"                     [id=3888, stack(0x000000bd5a000000,0x000000bd5a100000) (1024K)]
  0x0000021c669f4830 WorkerThread "GC Thread#1"                     [id=14124, stack(0x000000bd5b100000,0x000000bd5b200000) (1024K)]
  0x0000021c669a8ad0 WorkerThread "GC Thread#2"                     [id=8600, stack(0x000000bd5b200000,0x000000bd5b300000) (1024K)]
  0x0000021c66354b70 WorkerThread "GC Thread#3"                     [id=9268, stack(0x000000bd5b300000,0x000000bd5b400000) (1024K)]
  0x0000021c66354f10 WorkerThread "GC Thread#4"                     [id=13188, stack(0x000000bd5b400000,0x000000bd5b500000) (1024K)]
  0x0000021c66a19120 WorkerThread "GC Thread#5"                     [id=13964, stack(0x000000bd5b500000,0x000000bd5b600000) (1024K)]
  0x0000021c66a19c00 WorkerThread "GC Thread#6"                     [id=9876, stack(0x000000bd5b600000,0x000000bd5b700000) (1024K)]
  0x0000021c66a19860 WorkerThread "GC Thread#7"                     [id=9488, stack(0x000000bd5b800000,0x000000bd5b900000) (1024K)]
  0x0000021c66a19fa0 WorkerThread "GC Thread#8"                     [id=19616, stack(0x000000bd5bc00000,0x000000bd5bd00000) (1024K)]
  0x0000021c66a1a6e0 WorkerThread "GC Thread#9"                     [id=7792, stack(0x000000bd5bd00000,0x000000bd5be00000) (1024K)]
  0x0000021c66a194c0 WorkerThread "GC Thread#10"                    [id=8160, stack(0x000000bd5be00000,0x000000bd5bf00000) (1024K)]
  0x0000021c66a1a340 WorkerThread "GC Thread#11"                    [id=23556, stack(0x000000bd5c100000,0x000000bd5c200000) (1024K)]
  0x0000021c6bb25cf0 WorkerThread "GC Thread#12"                    [id=23068, stack(0x000000bd5ae00000,0x000000bd5af00000) (1024K)]
Total: 15

Threads with active compile tasks:
C2 CompilerThread0  501777 26340       4       org.eclipse.jdt.internal.core.search.matching.JavaSearchNameEnvironment::findClass (449 bytes)
Total: 1

VM state: synchronizing (normal execution)

VM Mutex/Monitor currently owned by a thread:  ([mutex/lock_event])
[0x00007ff88fd25458] Threads_lock - owner thread: 0x0000021c4cca49d0
[0x00007ff88fd25558] Heap_lock - owner thread: 0x0000021c6bb83e50
[0x00007ff88fd259d8] PSOldGenExpand_lock - owner thread: 0x0000021c6bb83e50

Heap address: 0x0000000080000000, size: 2048 MB, Compressed Oops mode: 32-bit

CDS archive(s) mapped at: [0x0000021c00000000-0x0000021c00ba0000-0x0000021c00ba0000), size 12189696, SharedBaseAddress: 0x0000021c00000000, ArchiveRelocationMode: 1.
Compressed class space mapped at: 0x0000021c01000000-0x0000021c41000000, reserved size: 1073741824
Narrow klass base: 0x0000021c00000000, Narrow klass shift: 0, Narrow klass range: 0x100000000

GC Precious Log:
 CardTable entry size: 512
 CPUs: 16 total, 16 available
 Memory: 6005M
 Large Page Support: Disabled
 NUMA Support: Disabled
 Compressed Oops: Enabled (32-bit)
 Alignments: Space 512K, Generation 512K, Heap 2M
 Heap Min Capacity: 100M
 Heap Initial Capacity: 100M
 Heap Max Capacity: 2G
 Pre-touch: Disabled
 Parallel Workers: 13

Heap:
 PSYoungGen      total 9728K, used 3879K [0x00000000d5580000, 0x00000000d6100000, 0x0000000100000000)
  eden space 7680K, 33% used [0x00000000d5580000,0x00000000d5809ce8,0x00000000d5d00000)
  from space 2048K, 62% used [0x00000000d5e80000,0x00000000d5fc0000,0x00000000d6080000)
  to   space 1536K, 0% used [0x00000000d5d00000,0x00000000d5d00000,0x00000000d5e80000)
 ParOldGen       total 1118208K, used 1118184K [0x0000000080000000, 0x00000000c4400000, 0x00000000d5580000)
  object space 1118208K, 99% used [0x0000000080000000,0x00000000c43fa198,0x00000000c4400000)
 Metaspace       used 87042K, committed 88896K, reserved 1179648K
  class space    used 8727K, committed 9600K, reserved 1048576K

Card table byte_map: [0x0000021c4c5d0000,0x0000021c4c9e0000] _byte_map_base: 0x0000021c4c1d0000

Marking Bits: (ParMarkBitMap*) 0x00007ff88fd2a340
 Begin Bits: [0x0000021c5f0a0000, 0x0000021c610a0000)
 End Bits:   [0x0000021c610a0000, 0x0000021c630a0000)

Polling page: 0x0000021c4c3c0000

Metaspace:

Usage:
  Non-class:     76.48 MB used.
      Class:      8.52 MB used.
       Both:     85.00 MB used.

Virtual space:
  Non-class space:      128.00 MB reserved,      77.44 MB ( 60%) committed,  2 nodes.
      Class space:        1.00 GB reserved,       9.38 MB ( <1%) committed,  1 nodes.
             Both:        1.12 GB reserved,      86.81 MB (  8%) committed. 

Chunk freelists:
   Non-Class:  2.06 MB
       Class:  6.54 MB
        Both:  8.61 MB

MaxMetaspaceSize: unlimited
CompressedClassSpaceSize: 1.00 GB
Initial GC threshold: 21.00 MB
Current GC threshold: 138.69 MB
CDS: on
 - commit_granule_bytes: 65536.
 - commit_granule_words: 8192.
 - virtual_space_node_default_size: 8388608.
 - enlarge_chunks_in_place: 1.
 - use_allocation_guard: 0.


Internal statistics:

num_allocs_failed_limit: 15.
num_arena_births: 1864.
num_arena_deaths: 34.
num_vsnodes_births: 3.
num_vsnodes_deaths: 0.
num_space_committed: 1389.
num_space_uncommitted: 0.
num_chunks_returned_to_freelist: 58.
num_chunks_taken_from_freelist: 6445.
num_chunk_merges: 28.
num_chunk_splits: 3780.
num_chunks_enlarged: 1954.
num_inconsistent_stats: 0.

CodeHeap 'non-profiled nmethods': size=119168Kb used=25433Kb max_used=25433Kb free=93734Kb
 bounds [0x0000021c57990000, 0x0000021c59270000, 0x0000021c5edf0000]
CodeHeap 'profiled nmethods': size=119104Kb used=52267Kb max_used=52267Kb free=66836Kb
 bounds [0x0000021c4fdf0000, 0x0000021c53100000, 0x0000021c57240000]
CodeHeap 'non-nmethods': size=7488Kb used=2056Kb max_used=3244Kb free=5431Kb
 bounds [0x0000021c57240000, 0x0000021c57590000, 0x0000021c57990000]
CodeCache: size=245760Kb, used=79756Kb, max_used=80944Kb, free=166001Kb
 total_blobs=22252, nmethods=21438, adapters=712, full_count=0
Compilation: enabled, stopped_count=0, restarted_count=0

Compilation events (20 events):
Event: 500.583 Thread 0x0000021c78668020 26347       1       org.eclipse.aether.repository.WorkspaceRepository::getContentType (5 bytes)
Event: 500.583 Thread 0x0000021c64a74590 nmethod 26346 0x0000021c530fad10 code [0x0000021c530faf00, 0x0000021c530fb2e0]
Event: 500.583 Thread 0x0000021c78668020 nmethod 26347 0x0000021c59261690 code [0x0000021c59261820, 0x0000021c592618e8]
Event: 500.583 Thread 0x0000021c64a74590 26348       1       org.eclipse.aether.repository.WorkspaceRepository::getKey (5 bytes)
Event: 500.583 Thread 0x0000021c78668020 26338       3       org.eclipse.core.internal.content.ContentTypeManager::getFileExtension (35 bytes)
Event: 500.583 Thread 0x0000021c64a74590 nmethod 26348 0x0000021c59261990 code [0x0000021c59261b20, 0x0000021c59261be8]
Event: 500.583 Thread 0x0000021c64a74590 26334       3       org.eclipse.jdt.internal.compiler.ast.TypeReference$AnnotationCollector::visit (6 bytes)
Event: 500.583 Thread 0x0000021c64a74590 nmethod 26334 0x0000021c530fb410 code [0x0000021c530fb5c0, 0x0000021c530fb6f8]
Event: 500.584 Thread 0x0000021c64a74590 26349       1       org.apache.maven.shared.filtering.AbstractMavenFilteringRequest::getMavenProject (5 bytes)
Event: 500.584 Thread 0x0000021c64a74590 nmethod 26349 0x0000021c59261c90 code [0x0000021c59261e20, 0x0000021c59261ee8]
Event: 500.584 Thread 0x0000021c64a74590 26339       3       org.eclipse.core.internal.preferences.PreferencesService::getBoolean (36 bytes)
Event: 500.584 Thread 0x0000021c78668020 nmethod 26338 0x0000021c530fb790 code [0x0000021c530fb9e0, 0x0000021c530fc150]
Event: 500.585 Thread 0x0000021c78668020 26343       1       org.eclipse.m2e.core.internal.MavenPluginActivator::getBundleContext (5 bytes)
Event: 500.585 Thread 0x0000021c78668020 nmethod 26343 0x0000021c59261f90 code [0x0000021c59262120, 0x0000021c592621e8]
Event: 500.585 Thread 0x0000021c78668020 26345       1       org.apache.maven.artifact.repository.MavenArtifactRepository::getUrl (5 bytes)
Event: 500.585 Thread 0x0000021c64a74590 nmethod 26339 0x0000021c530fc410 code [0x0000021c530fc600, 0x0000021c530fc938]
Event: 500.586 Thread 0x0000021c78668020 nmethod 26345 0x0000021c59262290 code [0x0000021c59262420, 0x0000021c592624e8]
Event: 500.629 Thread 0x0000021c78669b60 nmethod 26341 0x0000021c59262590 code [0x0000021c592629a0, 0x0000021c59264128]
Event: 500.630 Thread 0x0000021c78669b60 26342       4       jdk.internal.jrtfs.JrtPath::toUri (85 bytes)
Event: 500.647 Thread 0x0000021c78669b60 nmethod 26342 0x0000021c59265490 code [0x0000021c592656a0, 0x0000021c59265f98]

GC Heap History (20 events):
Event: 496.359 GC heap before
{Heap before GC invocations=2276 (full 5):
 PSYoungGen      total 4096K, used 3982K [0x00000000d5580000, 0x00000000d5b80000, 0x0000000100000000)
  eden space 3072K, 99% used [0x00000000d5580000,0x00000000d587fff8,0x00000000d5880000)
  from space 1024K, 88% used [0x00000000d5a80000,0x00000000d5b639e0,0x00000000d5b80000)
  to   space 1536K, 0% used [0x00000000d5880000,0x00000000d5880000,0x00000000d5a00000)
 ParOldGen       total 1106432K, used 1106111K [0x0000000080000000, 0x00000000c3880000, 0x00000000d5580000)
  object space 1106432K, 99% used [0x0000000080000000,0x00000000c382ffe0,0x00000000c3880000)
 Metaspace       used 87012K, committed 88896K, reserved 1179648K
  class space    used 8727K, committed 9600K, reserved 1048576K
}
Event: 496.364 GC heap after
{Heap after GC invocations=2276 (full 5):
 PSYoungGen      total 4608K, used 1357K [0x00000000d5580000, 0x00000000d5c80000, 0x0000000100000000)
  eden space 3072K, 0% used [0x00000000d5580000,0x00000000d5580000,0x00000000d5880000)
  from space 1536K, 88% used [0x00000000d5880000,0x00000000d59d37a0,0x00000000d5a00000)
  to   space 1536K, 0% used [0x00000000d5b00000,0x00000000d5b00000,0x00000000d5c80000)
 ParOldGen       total 1106944K, used 1106655K [0x0000000080000000, 0x00000000c3900000, 0x00000000d5580000)
  object space 1106944K, 99% used [0x0000000080000000,0x00000000c38b7d98,0x00000000c3900000)
 Metaspace       used 87012K, committed 88896K, reserved 1179648K
  class space    used 8727K, committed 9600K, reserved 1048576K
}
Event: 496.368 GC heap before
{Heap before GC invocations=2277 (full 5):
 PSYoungGen      total 4608K, used 4429K [0x00000000d5580000, 0x00000000d5c80000, 0x0000000100000000)
  eden space 3072K, 99% used [0x00000000d5580000,0x00000000d587ffe0,0x00000000d5880000)
  from space 1536K, 88% used [0x00000000d5880000,0x00000000d59d37a0,0x00000000d5a00000)
  to   space 1536K, 0% used [0x00000000d5b00000,0x00000000d5b00000,0x00000000d5c80000)
 ParOldGen       total 1106944K, used 1106655K [0x0000000080000000, 0x00000000c3900000, 0x00000000d5580000)
  object space 1106944K, 99% used [0x0000000080000000,0x00000000c38b7d98,0x00000000c3900000)
 Metaspace       used 87012K, committed 88896K, reserved 1179648K
  class space    used 8727K, committed 9600K, reserved 1048576K
}
Event: 496.373 GC heap after
{Heap after GC invocations=2277 (full 5):
 PSYoungGen      total 5632K, used 1160K [0x00000000d5580000, 0x00000000d5c80000, 0x0000000100000000)
  eden space 4096K, 0% used [0x00000000d5580000,0x00000000d5580000,0x00000000d5980000)
  from space 1536K, 75% used [0x00000000d5b00000,0x00000000d5c22228,0x00000000d5c80000)
  to   space 1536K, 0% used [0x00000000d5980000,0x00000000d5980000,0x00000000d5b00000)
 ParOldGen       total 1107968K, used 1107701K [0x0000000080000000, 0x00000000c3a00000, 0x00000000d5580000)
  object space 1107968K, 99% used [0x0000000080000000,0x00000000c39bd600,0x00000000c3a00000)
 Metaspace       used 87012K, committed 88896K, reserved 1179648K
  class space    used 8727K, committed 9600K, reserved 1048576K
}
Event: 496.378 GC heap before
{Heap before GC invocations=2278 (full 5):
 PSYoungGen      total 5632K, used 5256K [0x00000000d5580000, 0x00000000d5c80000, 0x0000000100000000)
  eden space 4096K, 100% used [0x00000000d5580000,0x00000000d5980000,0x00000000d5980000)
  from space 1536K, 75% used [0x00000000d5b00000,0x00000000d5c22228,0x00000000d5c80000)
  to   space 1536K, 0% used [0x00000000d5980000,0x00000000d5980000,0x00000000d5b00000)
 ParOldGen       total 1107968K, used 1107701K [0x0000000080000000, 0x00000000c3a00000, 0x00000000d5580000)
  object space 1107968K, 99% used [0x0000000080000000,0x00000000c39bd600,0x00000000c3a00000)
 Metaspace       used 87012K, committed 88896K, reserved 1179648K
  class space    used 8727K, committed 9600K, reserved 1048576K
}
Event: 496.383 GC heap after
{Heap after GC invocations=2278 (full 5):
 PSYoungGen      total 5632K, used 1509K [0x00000000d5580000, 0x00000000d6180000, 0x0000000100000000)
  eden space 4096K, 0% used [0x00000000d5580000,0x00000000d5580000,0x00000000d5980000)
  from space 1536K, 98% used [0x00000000d5980000,0x00000000d5af9590,0x00000000d5b00000)
  to   space 3584K, 0% used [0x00000000d5e00000,0x00000000d5e00000,0x00000000d6180000)
 ParOldGen       total 1109504K, used 1109017K [0x0000000080000000, 0x00000000c3b80000, 0x00000000d5580000)
  object space 1109504K, 99% used [0x0000000080000000,0x00000000c3b06548,0x00000000c3b80000)
 Metaspace       used 87012K, committed 88896K, reserved 1179648K
  class space    used 8727K, committed 9600K, reserved 1048576K
}
Event: 496.390 GC heap before
{Heap before GC invocations=2279 (full 5):
 PSYoungGen      total 5632K, used 5605K [0x00000000d5580000, 0x00000000d6180000, 0x0000000100000000)
  eden space 4096K, 100% used [0x00000000d5580000,0x00000000d5980000,0x00000000d5980000)
  from space 1536K, 98% used [0x00000000d5980000,0x00000000d5af9590,0x00000000d5b00000)
  to   space 3584K, 0% used [0x00000000d5e00000,0x00000000d5e00000,0x00000000d6180000)
 ParOldGen       total 1109504K, used 1109017K [0x0000000080000000, 0x00000000c3b80000, 0x00000000d5580000)
  object space 1109504K, 99% used [0x0000000080000000,0x00000000c3b06548,0x00000000c3b80000)
 Metaspace       used 87013K, committed 88896K, reserved 1179648K
  class space    used 8727K, committed 9600K, reserved 1048576K
}
Event: 496.397 GC heap after
{Heap after GC invocations=2279 (full 5):
 PSYoungGen      total 6656K, used 1455K [0x00000000d5580000, 0x00000000d5f80000, 0x0000000100000000)
  eden space 5120K, 0% used [0x00000000d5580000,0x00000000d5580000,0x00000000d5a80000)
  from space 1536K, 94% used [0x00000000d5e00000,0x00000000d5f6bda0,0x00000000d5f80000)
  to   space 2048K, 0% used [0x00000000d5b80000,0x00000000d5b80000,0x00000000d5d80000)
 ParOldGen       total 1110528K, used 1110509K [0x0000000080000000, 0x00000000c3c80000, 0x00000000d5580000)
  object space 1110528K, 99% used [0x0000000080000000,0x00000000c3c7b478,0x00000000c3c80000)
 Metaspace       used 87013K, committed 88896K, reserved 1179648K
  class space    used 8727K, committed 9600K, reserved 1048576K
}
Event: 496.404 GC heap before
{Heap before GC invocations=2280 (full 5):
 PSYoungGen      total 6656K, used 6575K [0x00000000d5580000, 0x00000000d5f80000, 0x0000000100000000)
  eden space 5120K, 100% used [0x00000000d5580000,0x00000000d5a80000,0x00000000d5a80000)
  from space 1536K, 94% used [0x00000000d5e00000,0x00000000d5f6bda0,0x00000000d5f80000)
  to   space 2048K, 0% used [0x00000000d5b80000,0x00000000d5b80000,0x00000000d5d80000)
 ParOldGen       total 1110528K, used 1110509K [0x0000000080000000, 0x00000000c3c80000, 0x00000000d5580000)
  object space 1110528K, 99% used [0x0000000080000000,0x00000000c3c7b478,0x00000000c3c80000)
 Metaspace       used 87016K, committed 88896K, reserved 1179648K
  class space    used 8727K, committed 9600K, reserved 1048576K
}
Event: 496.410 GC heap after
{Heap after GC invocations=2280 (full 5):
 PSYoungGen      total 7168K, used 1024K [0x00000000d5580000, 0x00000000d5e80000, 0x0000000100000000)
  eden space 6144K, 0% used [0x00000000d5580000,0x00000000d5580000,0x00000000d5b80000)
  from space 1024K, 100% used [0x00000000d5b80000,0x00000000d5c80000,0x00000000d5c80000)
  to   space 1536K, 0% used [0x00000000d5d00000,0x00000000d5d00000,0x00000000d5e80000)
 ParOldGen       total 1112064K, used 1111780K [0x0000000080000000, 0x00000000c3e00000, 0x00000000d5580000)
  object space 1112064K, 99% used [0x0000000080000000,0x00000000c3db91e0,0x00000000c3e00000)
 Metaspace       used 87016K, committed 88896K, reserved 1179648K
  class space    used 8727K, committed 9600K, reserved 1048576K
}
Event: 496.424 GC heap before
{Heap before GC invocations=2281 (full 5):
 PSYoungGen      total 7168K, used 7168K [0x00000000d5580000, 0x00000000d5e80000, 0x0000000100000000)
  eden space 6144K, 100% used [0x00000000d5580000,0x00000000d5b80000,0x00000000d5b80000)
  from space 1024K, 100% used [0x00000000d5b80000,0x00000000d5c80000,0x00000000d5c80000)
  to   space 1536K, 0% used [0x00000000d5d00000,0x00000000d5d00000,0x00000000d5e80000)
 ParOldGen       total 1112064K, used 1111780K [0x0000000080000000, 0x00000000c3e00000, 0x00000000d5580000)
  object space 1112064K, 99% used [0x0000000080000000,0x00000000c3db91e0,0x00000000c3e00000)
 Metaspace       used 87016K, committed 88896K, reserved 1179648K
  class space    used 8727K, committed 9600K, reserved 1048576K
}
Event: 497.430 GC heap after
{Heap after GC invocations=2281 (full 5):
 PSYoungGen      total 7168K, used 1470K [0x00000000d5580000, 0x00000000d6100000, 0x0000000100000000)
  eden space 5632K, 0% used [0x00000000d5580000,0x00000000d5580000,0x00000000d5b00000)
  from space 1536K, 95% used [0x00000000d5d00000,0x00000000d5e6fb30,0x00000000d5e80000)
  to   space 2048K, 0% used [0x00000000d5b00000,0x00000000d5b00000,0x00000000d5d00000)
 ParOldGen       total 1112576K, used 1112544K [0x0000000080000000, 0x00000000c3e80000, 0x00000000d5580000)
  object space 1112576K, 99% used [0x0000000080000000,0x00000000c3e78230,0x00000000c3e80000)
 Metaspace       used 87016K, committed 88896K, reserved 1179648K
  class space    used 8727K, committed 9600K, reserved 1048576K
}
Event: 497.442 GC heap before
{Heap before GC invocations=2282 (full 5):
 PSYoungGen      total 7168K, used 7102K [0x00000000d5580000, 0x00000000d6100000, 0x0000000100000000)
  eden space 5632K, 100% used [0x00000000d5580000,0x00000000d5b00000,0x00000000d5b00000)
  from space 1536K, 95% used [0x00000000d5d00000,0x00000000d5e6fb30,0x00000000d5e80000)
  to   space 2048K, 0% used [0x00000000d5b00000,0x00000000d5b00000,0x00000000d5d00000)
 ParOldGen       total 1112576K, used 1112544K [0x0000000080000000, 0x00000000c3e80000, 0x00000000d5580000)
  object space 1112576K, 99% used [0x0000000080000000,0x00000000c3e78230,0x00000000c3e80000)
 Metaspace       used 87017K, committed 88896K, reserved 1179648K
  class space    used 8727K, committed 9600K, reserved 1048576K
}
Event: 497.450 GC heap after
{Heap after GC invocations=2282 (full 5):
 PSYoungGen      total 7680K, used 1535K [0x00000000d5580000, 0x00000000d6080000, 0x0000000100000000)
  eden space 5632K, 0% used [0x00000000d5580000,0x00000000d5580000,0x00000000d5b00000)
  from space 2048K, 74% used [0x00000000d5b00000,0x00000000d5c7fe48,0x00000000d5d00000)
  to   space 2048K, 0% used [0x00000000d5e80000,0x00000000d5e80000,0x00000000d6080000)
 ParOldGen       total 1114112K, used 1113790K [0x0000000080000000, 0x00000000c4000000, 0x00000000d5580000)
  object space 1114112K, 99% used [0x0000000080000000,0x00000000c3faf888,0x00000000c4000000)
 Metaspace       used 87017K, committed 88896K, reserved 1179648K
  class space    used 8727K, committed 9600K, reserved 1048576K
}
Event: 497.466 GC heap before
{Heap before GC invocations=2283 (full 5):
 PSYoungGen      total 7680K, used 7167K [0x00000000d5580000, 0x00000000d6080000, 0x0000000100000000)
  eden space 5632K, 100% used [0x00000000d5580000,0x00000000d5b00000,0x00000000d5b00000)
  from space 2048K, 74% used [0x00000000d5b00000,0x00000000d5c7fe48,0x00000000d5d00000)
  to   space 2048K, 0% used [0x00000000d5e80000,0x00000000d5e80000,0x00000000d6080000)
 ParOldGen       total 1114112K, used 1113790K [0x0000000080000000, 0x00000000c4000000, 0x00000000d5580000)
  object space 1114112K, 99% used [0x0000000080000000,0x00000000c3faf888,0x00000000c4000000)
 Metaspace       used 87017K, committed 88896K, reserved 1179648K
  class space    used 8727K, committed 9600K, reserved 1048576K
}
Event: 498.475 GC heap after
{Heap after GC invocations=2283 (full 5):
 PSYoungGen      total 9216K, used 1910K [0x00000000d5580000, 0x00000000d6080000, 0x0000000100000000)
  eden space 7168K, 0% used [0x00000000d5580000,0x00000000d5580000,0x00000000d5c80000)
  from space 2048K, 93% used [0x00000000d5e80000,0x00000000d605da48,0x00000000d6080000)
  to   space 2048K, 0% used [0x00000000d5c80000,0x00000000d5c80000,0x00000000d5e80000)
 ParOldGen       total 1115136K, used 1115128K [0x0000000080000000, 0x00000000c4100000, 0x00000000d5580000)
  object space 1115136K, 99% used [0x0000000080000000,0x00000000c40fe0a0,0x00000000c4100000)
 Metaspace       used 87017K, committed 88896K, reserved 1179648K
  class space    used 8727K, committed 9600K, reserved 1048576K
}
Event: 498.502 GC heap before
{Heap before GC invocations=2284 (full 5):
 PSYoungGen      total 9216K, used 9078K [0x00000000d5580000, 0x00000000d6080000, 0x0000000100000000)
  eden space 7168K, 100% used [0x00000000d5580000,0x00000000d5c80000,0x00000000d5c80000)
  from space 2048K, 93% used [0x00000000d5e80000,0x00000000d605da48,0x00000000d6080000)
  to   space 2048K, 0% used [0x00000000d5c80000,0x00000000d5c80000,0x00000000d5e80000)
 ParOldGen       total 1115136K, used 1115128K [0x0000000080000000, 0x00000000c4100000, 0x00000000d5580000)
  object space 1115136K, 99% used [0x0000000080000000,0x00000000c40fe0a0,0x00000000c4100000)
 Metaspace       used 87031K, committed 88896K, reserved 1179648K
  class space    used 8727K, committed 9600K, reserved 1048576K
}
Event: 500.523 GC heap after
{Heap after GC invocations=2284 (full 5):
 PSYoungGen      total 9216K, used 1524K [0x00000000d5580000, 0x00000000d6080000, 0x0000000100000000)
  eden space 7168K, 0% used [0x00000000d5580000,0x00000000d5580000,0x00000000d5c80000)
  from space 2048K, 74% used [0x00000000d5c80000,0x00000000d5dfd200,0x00000000d5e80000)
  to   space 2048K, 0% used [0x00000000d5e80000,0x00000000d5e80000,0x00000000d6080000)
 ParOldGen       total 1117184K, used 1116855K [0x0000000080000000, 0x00000000c4300000, 0x00000000d5580000)
  object space 1117184K, 99% used [0x0000000080000000,0x00000000c42ade30,0x00000000c4300000)
 Metaspace       used 87031K, committed 88896K, reserved 1179648K
  class space    used 8727K, committed 9600K, reserved 1048576K
}
Event: 500.551 GC heap before
{Heap before GC invocations=2285 (full 5):
 PSYoungGen      total 9216K, used 8692K [0x00000000d5580000, 0x00000000d6080000, 0x0000000100000000)
  eden space 7168K, 100% used [0x00000000d5580000,0x00000000d5c80000,0x00000000d5c80000)
  from space 2048K, 74% used [0x00000000d5c80000,0x00000000d5dfd200,0x00000000d5e80000)
  to   space 2048K, 0% used [0x00000000d5e80000,0x00000000d5e80000,0x00000000d6080000)
 ParOldGen       total 1117184K, used 1116855K [0x0000000080000000, 0x00000000c4300000, 0x00000000d5580000)
  object space 1117184K, 99% used [0x0000000080000000,0x00000000c42ade30,0x00000000c4300000)
 Metaspace       used 87031K, committed 88896K, reserved 1179648K
  class space    used 8727K, committed 9600K, reserved 1048576K
}
Event: 500.563 GC heap after
{Heap after GC invocations=2285 (full 5):
 PSYoungGen      total 9728K, used 1280K [0x00000000d5580000, 0x00000000d6100000, 0x0000000100000000)
  eden space 7680K, 0% used [0x00000000d5580000,0x00000000d5580000,0x00000000d5d00000)
  from space 2048K, 62% used [0x00000000d5e80000,0x00000000d5fc0000,0x00000000d6080000)
  to   space 1536K, 0% used [0x00000000d5d00000,0x00000000d5d00000,0x00000000d5e80000)
 ParOldGen       total 1118208K, used 1118184K [0x0000000080000000, 0x00000000c4400000, 0x00000000d5580000)
  object space 1118208K, 99% used [0x0000000080000000,0x00000000c43fa198,0x00000000c4400000)
 Metaspace       used 87031K, committed 88896K, reserved 1179648K
  class space    used 8727K, committed 9600K, reserved 1048576K
}

Dll operation events (10 events):
Event: 0.021 Loaded shared library c:\Users\gianmarcoCossio\.vscode\extensions\redhat.java-1.46.0-win32-x64\jre\21.0.8-win32-x86_64\bin\java.dll
Event: 0.137 Loaded shared library c:\Users\gianmarcoCossio\.vscode\extensions\redhat.java-1.46.0-win32-x64\jre\21.0.8-win32-x86_64\bin\zip.dll
Event: 0.175 Loaded shared library C:\Users\gianmarcoCossio\.vscode\extensions\redhat.java-1.46.0-win32-x64\jre\21.0.8-win32-x86_64\bin\instrument.dll
Event: 0.183 Loaded shared library C:\Users\gianmarcoCossio\.vscode\extensions\redhat.java-1.46.0-win32-x64\jre\21.0.8-win32-x86_64\bin\net.dll
Event: 0.188 Loaded shared library C:\Users\gianmarcoCossio\.vscode\extensions\redhat.java-1.46.0-win32-x64\jre\21.0.8-win32-x86_64\bin\nio.dll
Event: 0.193 Loaded shared library C:\Users\gianmarcoCossio\.vscode\extensions\redhat.java-1.46.0-win32-x64\jre\21.0.8-win32-x86_64\bin\zip.dll
Event: 0.227 Loaded shared library C:\Users\gianmarcoCossio\.vscode\extensions\redhat.java-1.46.0-win32-x64\jre\21.0.8-win32-x86_64\bin\jimage.dll
Event: 0.363 Loaded shared library c:\Users\gianmarcoCossio\.vscode\extensions\redhat.java-1.46.0-win32-x64\jre\21.0.8-win32-x86_64\bin\verify.dll
Event: 2.226 Loaded shared library C:\Users\gianmarcoCossio\AppData\Roaming\Code\User\globalStorage\redhat.java\1.46.0\config_win\org.eclipse.equinox.launcher\org.eclipse.equinox.launcher.win32.win32.x86_64_1.2.1400.v20250801-0854\eclipse_11916.dll
Event: 4.558 Loaded shared library C:\Users\gianmarcoCossio\AppData\Local\Temp\jna-158748909\jna2588659788243113152.dll

Deoptimization events (20 events):
Event: 482.564 Thread 0x0000021c6dddd2d0 DEOPT PACKING pc=0x0000021c57b46d2c sp=0x000000bd5e7fedd0
Event: 482.564 Thread 0x0000021c6dddd2d0 DEOPT UNPACKING pc=0x0000021c57293aa2 sp=0x000000bd5e7fed68 mode 2
Event: 482.565 Thread 0x0000021c6dddd2d0 Uncommon trap: trap_request=0xffffff45 fr.pc=0x0000021c57b3302c relative=0x000000000000020c
Event: 482.565 Thread 0x0000021c6dddd2d0 Uncommon trap: reason=unstable_if action=reinterpret pc=0x0000021c57b3302c method=java.lang.String.indexOf(Ljava/lang/String;)I @ 10 c2
Event: 482.565 Thread 0x0000021c6dddd2d0 DEOPT PACKING pc=0x0000021c57b3302c sp=0x000000bd5e7ff0c0
Event: 482.565 Thread 0x0000021c6dddd2d0 DEOPT UNPACKING pc=0x0000021c57293aa2 sp=0x000000bd5e7feff8 mode 2
Event: 483.310 Thread 0x0000021c6dddd2d0 Uncommon trap: trap_request=0xffffff45 fr.pc=0x0000021c5920e7b8 relative=0x00000000000020b8
Event: 483.310 Thread 0x0000021c6dddd2d0 Uncommon trap: reason=unstable_if action=reinterpret pc=0x0000021c5920e7b8 method=sun.security.provider.AbstractDrbg.engineNextBytes([BLjava/security/SecureRandomParameters;)V @ 33 c2
Event: 483.310 Thread 0x0000021c6dddd2d0 DEOPT PACKING pc=0x0000021c5920e7b8 sp=0x000000bd5e7ff1b0
Event: 483.310 Thread 0x0000021c6dddd2d0 DEOPT UNPACKING pc=0x0000021c57293aa2 sp=0x000000bd5e7ff120 mode 2
Event: 483.311 Thread 0x0000021c6dddd2d0 Uncommon trap: trap_request=0xffffff45 fr.pc=0x0000021c592145fc relative=0x00000000000020dc
Event: 483.311 Thread 0x0000021c6dddd2d0 Uncommon trap: reason=unstable_if action=reinterpret pc=0x0000021c592145fc method=sun.security.provider.AbstractDrbg.engineNextBytes([BLjava/security/SecureRandomParameters;)V @ 33 c2
Event: 483.311 Thread 0x0000021c6dddd2d0 DEOPT PACKING pc=0x0000021c592145fc sp=0x000000bd5e7fedc0
Event: 483.311 Thread 0x0000021c6dddd2d0 DEOPT UNPACKING pc=0x0000021c57293aa2 sp=0x000000bd5e7fedb0 mode 2
Event: 496.220 Thread 0x0000021c6de46370 Uncommon trap: trap_request=0xffffff45 fr.pc=0x0000021c5808d900 relative=0x0000000000000e00
Event: 496.220 Thread 0x0000021c6de46370 Uncommon trap: reason=unstable_if action=reinterpret pc=0x0000021c5808d900 method=org.eclipse.core.internal.watson.ElementTree.getElementData(Lorg/eclipse/core/runtime/IPath;)Ljava/lang/Object; @ 21 c2
Event: 496.220 Thread 0x0000021c6de46370 DEOPT PACKING pc=0x0000021c5808d900 sp=0x000000bd5e0fda40
Event: 496.220 Thread 0x0000021c6de46370 DEOPT UNPACKING pc=0x0000021c57293aa2 sp=0x000000bd5e0fd850 mode 2
Event: 496.273 Thread 0x0000021c6bb83130 DEOPT PACKING pc=0x0000021c5306bdfe sp=0x000000bd5c5feba0
Event: 496.274 Thread 0x0000021c6bb83130 DEOPT UNPACKING pc=0x0000021c57294242 sp=0x000000bd5c5fe010 mode 0

Classes loaded (20 events):
Event: 368.789 Loading class java/util/stream/Nodes$ConcNode
Event: 368.790 Loading class java/util/stream/Nodes$AbstractConcNode
Event: 368.791 Loading class java/util/stream/Nodes$AbstractConcNode done
Event: 368.791 Loading class java/util/stream/Nodes$ConcNode done
Event: 368.829 Loading class java/io/ObjectOutputStream$BlockDataOutputStream
Event: 368.830 Loading class java/io/ObjectOutputStream$BlockDataOutputStream done
Event: 368.831 Loading class java/io/ObjectOutputStream$HandleTable
Event: 368.831 Loading class java/io/ObjectOutputStream$HandleTable done
Event: 368.831 Loading class java/io/ObjectOutputStream$ReplaceTable
Event: 368.831 Loading class java/io/ObjectOutputStream$ReplaceTable done
Event: 383.675 Loading class java/lang/Throwable$WrappedPrintWriter
Event: 383.675 Loading class java/lang/Throwable$PrintStreamOrWriter
Event: 383.676 Loading class java/lang/Throwable$PrintStreamOrWriter done
Event: 383.676 Loading class java/lang/Throwable$WrappedPrintWriter done
Event: 388.174 Loading class java/nio/channels/CompletionHandler
Event: 388.175 Loading class java/nio/channels/CompletionHandler done
Event: 484.581 Loading class jdk/internal/module/IllegalAccessLogger
Event: 484.581 Loading class jdk/internal/module/IllegalAccessLogger done
Event: 496.417 Loading class jdk/internal/module/IllegalAccessLogger
Event: 496.417 Loading class jdk/internal/module/IllegalAccessLogger done

Classes unloaded (17 events):
Event: 5.511 Thread 0x0000021c4cca49d0 Unloading class 0x0000021c011aac00 'java/lang/invoke/LambdaForm$MH+0x0000021c011aac00'
Event: 5.511 Thread 0x0000021c4cca49d0 Unloading class 0x0000021c011aa800 'java/lang/invoke/LambdaForm$MH+0x0000021c011aa800'
Event: 5.511 Thread 0x0000021c4cca49d0 Unloading class 0x0000021c011aa400 'java/lang/invoke/LambdaForm$MH+0x0000021c011aa400'
Event: 5.511 Thread 0x0000021c4cca49d0 Unloading class 0x0000021c011aa000 'java/lang/invoke/LambdaForm$MH+0x0000021c011aa000'
Event: 5.511 Thread 0x0000021c4cca49d0 Unloading class 0x0000021c011a9c00 'java/lang/invoke/LambdaForm$BMH+0x0000021c011a9c00'
Event: 5.511 Thread 0x0000021c4cca49d0 Unloading class 0x0000021c011a9800 'java/lang/invoke/LambdaForm$DMH+0x0000021c011a9800'
Event: 5.511 Thread 0x0000021c4cca49d0 Unloading class 0x0000021c011a8400 'java/lang/invoke/LambdaForm$DMH+0x0000021c011a8400'
Event: 68.954 Thread 0x0000021c4cca49d0 Unloading class 0x0000021c0175bc00 'java/lang/invoke/LambdaForm$MH+0x0000021c0175bc00'
Event: 68.954 Thread 0x0000021c4cca49d0 Unloading class 0x0000021c0175b800 'java/lang/invoke/LambdaForm$MH+0x0000021c0175b800'
Event: 68.954 Thread 0x0000021c4cca49d0 Unloading class 0x0000021c0175b000 'java/lang/invoke/LambdaForm$DMH+0x0000021c0175b000'
Event: 68.954 Thread 0x0000021c4cca49d0 Unloading class 0x0000021c0175b400 'java/lang/invoke/LambdaForm$DMH+0x0000021c0175b400'
Event: 68.954 Thread 0x0000021c4cca49d0 Unloading class 0x0000021c01728000 'java/lang/invoke/LambdaForm$DMH+0x0000021c01728000'
Event: 68.954 Thread 0x0000021c4cca49d0 Unloading class 0x0000021c01718c00 'java/lang/invoke/LambdaForm$DMH+0x0000021c01718c00'
Event: 68.954 Thread 0x0000021c4cca49d0 Unloading class 0x0000021c01701c00 'java/lang/invoke/LambdaForm$DMH+0x0000021c01701c00'
Event: 68.954 Thread 0x0000021c4cca49d0 Unloading class 0x0000021c01701000 'java/lang/invoke/LambdaForm$DMH+0x0000021c01701000'
Event: 68.954 Thread 0x0000021c4cca49d0 Unloading class 0x0000021c01701800 'java/lang/invoke/LambdaForm$DMH+0x0000021c01701800'
Event: 68.954 Thread 0x0000021c4cca49d0 Unloading class 0x0000021c01701400 'java/lang/invoke/LambdaForm$DMH+0x0000021c01701400'

Classes redefined (0 events):
No events

Internal exceptions (20 events):
Event: 482.527 Thread 0x0000021c6dddd2d0 Exception <a 'java/lang/ClassNotFoundException'{0x00000000d58c4b08}: sun/net/www/protocol/jdt/Handler> (0x00000000d58c4b08) 
thrown [s\src\hotspot\share\classfile\systemDictionary.cpp, line 312]
Event: 482.527 Thread 0x0000021c6dddd2d0 Exception <a 'java/lang/ClassNotFoundException'{0x00000000d58c9200}: sun/net/www/protocol/jdt/Handler> (0x00000000d58c9200) 
thrown [s\src\hotspot\share\classfile\systemDictionary.cpp, line 312]
Event: 482.527 Thread 0x0000021c6dddd2d0 Exception <a 'java/lang/ClassNotFoundException'{0x00000000d58ce100}: sun/net/www/protocol/jdt/Handler> (0x00000000d58ce100) 
thrown [s\src\hotspot\share\classfile\systemDictionary.cpp, line 312]
Event: 482.527 Thread 0x0000021c6dddd2d0 Exception <a 'java/lang/ClassNotFoundException'{0x00000000d58d1ca0}: sun/net/www/protocol/jdt/Handler> (0x00000000d58d1ca0) 
thrown [s\src\hotspot\share\classfile\systemDictionary.cpp, line 312]
Event: 482.528 Thread 0x0000021c6dddd2d0 Exception <a 'java/lang/ClassNotFoundException'{0x00000000d58d43f0}: sun/net/www/protocol/jdt/Handler> (0x00000000d58d43f0) 
thrown [s\src\hotspot\share\classfile\systemDictionary.cpp, line 312]
Event: 482.528 Thread 0x0000021c6dddd2d0 Exception <a 'java/lang/ClassNotFoundException'{0x00000000d58da3d8}: sun/net/www/protocol/jdt/Handler> (0x00000000d58da3d8) 
thrown [s\src\hotspot\share\classfile\systemDictionary.cpp, line 312]
Event: 482.529 Thread 0x0000021c6dddd2d0 Exception <a 'java/lang/ClassNotFoundException'{0x00000000d58dc8c8}: sun/net/www/protocol/jdt/Handler> (0x00000000d58dc8c8) 
thrown [s\src\hotspot\share\classfile\systemDictionary.cpp, line 312]
Event: 482.531 Thread 0x0000021c6dddd2d0 Exception <a 'java/lang/ClassNotFoundException'{0x00000000d58f0e20}: sun/net/www/protocol/jdt/Handler> (0x00000000d58f0e20) 
thrown [s\src\hotspot\share\classfile\systemDictionary.cpp, line 312]
Event: 482.531 Thread 0x0000021c6dddd2d0 Exception <a 'java/lang/ClassNotFoundException'{0x00000000d58f3578}: sun/net/www/protocol/jdt/Handler> (0x00000000d58f3578) 
thrown [s\src\hotspot\share\classfile\systemDictionary.cpp, line 312]
Event: 482.532 Thread 0x0000021c6dddd2d0 Exception <a 'java/lang/ClassNotFoundException'{0x00000000d5900e60}: sun/net/www/protocol/jdt/Handler> (0x00000000d5900e60) 
thrown [s\src\hotspot\share\classfile\systemDictionary.cpp, line 312]
Event: 482.532 Thread 0x0000021c6dddd2d0 Exception <a 'java/lang/ClassNotFoundException'{0x00000000d5903698}: sun/net/www/protocol/jdt/Handler> (0x00000000d5903698) 
thrown [s\src\hotspot\share\classfile\systemDictionary.cpp, line 312]
Event: 482.532 Thread 0x0000021c6dddd2d0 Exception <a 'java/lang/ClassNotFoundException'{0x00000000d5905ef8}: sun/net/www/protocol/jdt/Handler> (0x00000000d5905ef8) 
thrown [s\src\hotspot\share\classfile\systemDictionary.cpp, line 312]
Event: 482.532 Thread 0x0000021c6dddd2d0 Exception <a 'java/lang/ClassNotFoundException'{0x00000000d5908750}: sun/net/www/protocol/jdt/Handler> (0x00000000d5908750) 
thrown [s\src\hotspot\share\classfile\systemDictionary.cpp, line 312]
Event: 482.532 Thread 0x0000021c6dddd2d0 Exception <a 'java/lang/ClassNotFoundException'{0x00000000d590b000}: sun/net/www/protocol/jdt/Handler> (0x00000000d590b000) 
thrown [s\src\hotspot\share\classfile\systemDictionary.cpp, line 312]
Event: 482.533 Thread 0x0000021c6dddd2d0 Exception <a 'java/lang/ClassNotFoundException'{0x00000000d590dcc8}: sun/net/www/protocol/jdt/Handler> (0x00000000d590dcc8) 
thrown [s\src\hotspot\share\classfile\systemDictionary.cpp, line 312]
Event: 483.662 Thread 0x0000021c6bb816f0 Exception <a 'sun/nio/fs/WindowsException'{0x00000000d5cac838}> (0x00000000d5cac838) 
thrown [s\src\hotspot\share\prims\jni.cpp, line 520]
Event: 483.692 Thread 0x0000021c6bb816f0 Exception <a 'sun/nio/fs/WindowsException'{0x00000000d55f5f40}> (0x00000000d55f5f40) 
thrown [s\src\hotspot\share\prims\jni.cpp, line 520]
Event: 496.220 Thread 0x0000021c6de46370 Implicit null exception at 0x0000021c5808ce76 to 0x0000021c5808d8dc
Event: 496.262 Thread 0x0000021c6bb816f0 Exception <a 'sun/nio/fs/WindowsException'{0x00000000d578bcf0}> (0x00000000d578bcf0) 
thrown [s\src\hotspot\share\prims\jni.cpp, line 520]
Event: 496.310 Thread 0x0000021c6bb816f0 Exception <a 'sun/nio/fs/WindowsException'{0x00000000d5580838}> (0x00000000d5580838) 
thrown [s\src\hotspot\share\prims\jni.cpp, line 520]

ZGC Phase Switch (0 events):
No events

VM Operations (20 events):
Event: 496.364 Executing VM operation: ParallelGCFailedAllocation (Allocation Failure) done
Event: 496.368 Executing VM operation: ParallelGCFailedAllocation (Allocation Failure)
Event: 496.373 Executing VM operation: ParallelGCFailedAllocation (Allocation Failure) done
Event: 496.378 Executing VM operation: ParallelGCFailedAllocation (Allocation Failure)
Event: 496.383 Executing VM operation: ParallelGCFailedAllocation (Allocation Failure) done
Event: 496.390 Executing VM operation: ParallelGCFailedAllocation (Allocation Failure)
Event: 496.397 Executing VM operation: ParallelGCFailedAllocation (Allocation Failure) done
Event: 496.404 Executing VM operation: ParallelGCFailedAllocation (Allocation Failure)
Event: 496.410 Executing VM operation: ParallelGCFailedAllocation (Allocation Failure) done
Event: 496.423 Executing VM operation: ParallelGCFailedAllocation (Allocation Failure)
Event: 497.430 Executing VM operation: ParallelGCFailedAllocation (Allocation Failure) done
Event: 497.442 Executing VM operation: ParallelGCFailedAllocation (Allocation Failure)
Event: 497.450 Executing VM operation: ParallelGCFailedAllocation (Allocation Failure) done
Event: 497.466 Executing VM operation: ParallelGCFailedAllocation (Allocation Failure)
Event: 498.476 Executing VM operation: ParallelGCFailedAllocation (Allocation Failure) done
Event: 498.501 Executing VM operation: ParallelGCFailedAllocation (Allocation Failure)
Event: 500.523 Executing VM operation: ParallelGCFailedAllocation (Allocation Failure) done
Event: 500.551 Executing VM operation: ParallelGCFailedAllocation (Allocation Failure)
Event: 500.563 Executing VM operation: ParallelGCFailedAllocation (Allocation Failure) done
Event: 501.564 Executing VM operation: Cleanup

Memory protections (0 events):
No events

Nmethod flushes (20 events):
Event: 278.678 Thread 0x0000021c4cca49d0 flushing  nmethod 0x0000021c52105f90
Event: 278.678 Thread 0x0000021c4cca49d0 flushing  nmethod 0x0000021c52112b90
Event: 278.678 Thread 0x0000021c4cca49d0 flushing  nmethod 0x0000021c52119710
Event: 278.678 Thread 0x0000021c4cca49d0 flushing  nmethod 0x0000021c5211d990
Event: 278.678 Thread 0x0000021c4cca49d0 flushing  nmethod 0x0000021c5214f590
Event: 278.678 Thread 0x0000021c4cca49d0 flushing  nmethod 0x0000021c52178910
Event: 278.678 Thread 0x0000021c4cca49d0 flushing  nmethod 0x0000021c52179990
Event: 278.678 Thread 0x0000021c4cca49d0 flushing  nmethod 0x0000021c5219b890
Event: 278.678 Thread 0x0000021c4cca49d0 flushing  nmethod 0x0000021c521a4290
Event: 278.678 Thread 0x0000021c4cca49d0 flushing  nmethod 0x0000021c52205390
Event: 278.678 Thread 0x0000021c4cca49d0 flushing  nmethod 0x0000021c52210d10
Event: 278.678 Thread 0x0000021c4cca49d0 flushing  nmethod 0x0000021c52215610
Event: 278.678 Thread 0x0000021c4cca49d0 flushing  nmethod 0x0000021c52225510
Event: 278.678 Thread 0x0000021c4cca49d0 flushing  nmethod 0x0000021c52234790
Event: 278.678 Thread 0x0000021c4cca49d0 flushing  nmethod 0x0000021c52243d10
Event: 278.678 Thread 0x0000021c4cca49d0 flushing  nmethod 0x0000021c52251c10
Event: 278.678 Thread 0x0000021c4cca49d0 flushing  nmethod 0x0000021c5226c410
Event: 278.678 Thread 0x0000021c4cca49d0 flushing  nmethod 0x0000021c52277e90
Event: 278.678 Thread 0x0000021c4cca49d0 flushing  nmethod 0x0000021c52280510
Event: 278.678 Thread 0x0000021c4cca49d0 flushing  nmethod 0x0000021c523d0190

Events (20 events):
Event: 458.402 Thread 0x0000021c64a74590 Thread added: 0x0000021c6eead450
Event: 458.776 Thread 0x0000021c6eead450 Thread exited: 0x0000021c6eead450
Event: 472.231 Thread 0x0000021c64a74590 Thread added: 0x0000021c78668020
Event: 472.461 Thread 0x0000021c64a74590 Thread added: 0x0000021c78669b60
Event: 473.088 Thread 0x0000021c78668020 Thread exited: 0x0000021c78668020
Event: 473.388 Thread 0x0000021c78669b60 Thread exited: 0x0000021c78669b60
Event: 480.352 Thread 0x0000021c64a74590 Thread added: 0x0000021c786686f0
Event: 480.932 Thread 0x0000021c786686f0 Thread exited: 0x0000021c786686f0
Event: 482.524 Thread 0x0000021c64a74590 Thread added: 0x0000021c78667280
Event: 482.526 Thread 0x0000021c78667280 Thread added: 0x0000021c7866a900
Event: 483.553 Thread 0x0000021c7866a900 Thread exited: 0x0000021c7866a900
Event: 483.553 Thread 0x0000021c78667280 Thread exited: 0x0000021c78667280
Event: 483.801 Thread 0x0000021c6c38f570 Thread added: 0x0000021c6c846b60
Event: 484.517 Thread 0x0000021c6de46370 Thread added: 0x0000021c6c848c30
Event: 484.583 Thread 0x0000021c6c38f570 Thread added: 0x0000021c6c8457b0
Event: 486.205 Thread 0x0000021c64a65f60 Thread added: 0x0000021c78669b60
Event: 494.154 Thread 0x0000021c78669b60 Thread exited: 0x0000021c78669b60
Event: 496.311 Thread 0x0000021c6bb83e50 Thread added: 0x0000021c6c8471f0
Event: 500.575 Thread 0x0000021c64a74590 Thread added: 0x0000021c78669b60
Event: 500.582 Thread 0x0000021c64a74590 Thread added: 0x0000021c78668020


Dynamic libraries:
0x00007ff7a4580000 - 0x00007ff7a458e000 	c:\Users\gianmarcoCossio\.vscode\extensions\redhat.java-1.46.0-win32-x64\jre\21.0.8-win32-x86_64\bin\java.exe
0x00007ff952140000 - 0x00007ff9523a9000 	C:\WINDOWS\SYSTEM32\ntdll.dll
0x00007ff950e40000 - 0x00007ff950f09000 	C:\WINDOWS\System32\KERNEL32.DLL
0x00007ff94f2d0000 - 0x00007ff94f6c3000 	C:\WINDOWS\System32\KERNELBASE.dll
0x00007ff94f790000 - 0x00007ff94f8db000 	C:\WINDOWS\System32\ucrtbase.dll
0x00007ff9247e0000 - 0x00007ff9247fe000 	c:\Users\gianmarcoCossio\.vscode\extensions\redhat.java-1.46.0-win32-x64\jre\21.0.8-win32-x86_64\bin\VCRUNTIME140.dll
0x00007ff9244f0000 - 0x00007ff924508000 	c:\Users\gianmarcoCossio\.vscode\extensions\redhat.java-1.46.0-win32-x64\jre\21.0.8-win32-x86_64\bin\jli.dll
0x00007ff9502e0000 - 0x00007ff9504a4000 	C:\WINDOWS\System32\USER32.dll
0x00007ff94fcc0000 - 0x00007ff94fce7000 	C:\WINDOWS\System32\win32u.dll
0x00007ff951bf0000 - 0x00007ff951c1b000 	C:\WINDOWS\System32\GDI32.dll
0x00007ff92a790000 - 0x00007ff92aa23000 	C:\WINDOWS\WinSxS\amd64_microsoft.windows.common-controls_6595b64144ccf1df_6.0.26100.5074_none_3e0d6f78e32fd63f\COMCTL32.dll
0x00007ff94f8e0000 - 0x00007ff94fa0d000 	C:\WINDOWS\System32\gdi32full.dll
0x00007ff950610000 - 0x00007ff9506b9000 	C:\WINDOWS\System32\msvcrt.dll
0x00007ff94fc10000 - 0x00007ff94fcb3000 	C:\WINDOWS\System32\msvcp_win.dll
0x00007ff950290000 - 0x00007ff9502bf000 	C:\WINDOWS\System32\IMM32.DLL
0x00007ff945800000 - 0x00007ff94580c000 	c:\Users\gianmarcoCossio\.vscode\extensions\redhat.java-1.46.0-win32-x64\jre\21.0.8-win32-x86_64\bin\vcruntime140_1.dll
0x00007ff8ca500000 - 0x00007ff8ca58d000 	c:\Users\gianmarcoCossio\.vscode\extensions\redhat.java-1.46.0-win32-x64\jre\21.0.8-win32-x86_64\bin\msvcp140.dll
0x00007ff88f070000 - 0x00007ff88fe07000 	c:\Users\gianmarcoCossio\.vscode\extensions\redhat.java-1.46.0-win32-x64\jre\21.0.8-win32-x86_64\bin\server\jvm.dll
0x00007ff951ff0000 - 0x00007ff9520a4000 	C:\WINDOWS\System32\ADVAPI32.dll
0x00007ff951e10000 - 0x00007ff951eb6000 	C:\WINDOWS\System32\sechost.dll
0x00007ff951ec0000 - 0x00007ff951fd8000 	C:\WINDOWS\System32\RPCRT4.dll
0x00007ff951660000 - 0x00007ff9516d4000 	C:\WINDOWS\System32\WS2_32.dll
0x00007ff94f130000 - 0x00007ff94f18e000 	C:\WINDOWS\SYSTEM32\POWRPROF.dll
0x00007ff93d940000 - 0x00007ff93d975000 	C:\WINDOWS\SYSTEM32\WINMM.dll
0x00007ff946da0000 - 0x00007ff946dab000 	C:\WINDOWS\SYSTEM32\VERSION.dll
0x00007ff94f110000 - 0x00007ff94f124000 	C:\WINDOWS\SYSTEM32\UMPDC.dll
0x00007ff94e0b0000 - 0x00007ff94e0cb000 	C:\WINDOWS\SYSTEM32\kernel.appcore.dll
0x00007ff9457a0000 - 0x00007ff9457aa000 	c:\Users\gianmarcoCossio\.vscode\extensions\redhat.java-1.46.0-win32-x64\jre\21.0.8-win32-x86_64\bin\jimage.dll
0x00007ff94cbd0000 - 0x00007ff94ce12000 	C:\WINDOWS\SYSTEM32\DBGHELP.DLL
0x00007ff94ff10000 - 0x00007ff95028b000 	C:\WINDOWS\System32\combase.dll
0x00007ff951720000 - 0x00007ff9517f7000 	C:\WINDOWS\System32\OLEAUT32.dll
0x00007ff934b70000 - 0x00007ff934bad000 	C:\WINDOWS\SYSTEM32\dbgcore.DLL
0x00007ff94fcf0000 - 0x00007ff94fd89000 	C:\WINDOWS\System32\bcryptPrimitives.dll
0x00007ff9300d0000 - 0x00007ff9300df000 	c:\Users\gianmarcoCossio\.vscode\extensions\redhat.java-1.46.0-win32-x64\jre\21.0.8-win32-x86_64\bin\instrument.dll
0x00007ff922da0000 - 0x00007ff922dbf000 	c:\Users\gianmarcoCossio\.vscode\extensions\redhat.java-1.46.0-win32-x64\jre\21.0.8-win32-x86_64\bin\java.dll
0x00007ff950f10000 - 0x00007ff95165d000 	C:\WINDOWS\System32\SHELL32.dll
0x00007ff94faa0000 - 0x00007ff94fc0c000 	C:\WINDOWS\System32\wintypes.dll
0x00007ff94cf20000 - 0x00007ff94d779000 	C:\WINDOWS\SYSTEM32\windows.storage.dll
0x00007ff951c90000 - 0x00007ff951d80000 	C:\WINDOWS\System32\SHCORE.dll
0x00007ff951c20000 - 0x00007ff951c82000 	C:\WINDOWS\System32\shlwapi.dll
0x00007ff94f1f0000 - 0x00007ff94f219000 	C:\WINDOWS\SYSTEM32\profapi.dll
0x00007ff922bd0000 - 0x00007ff922be8000 	c:\Users\gianmarcoCossio\.vscode\extensions\redhat.java-1.46.0-win32-x64\jre\21.0.8-win32-x86_64\bin\zip.dll
0x00007ff930080000 - 0x00007ff930090000 	C:\Users\gianmarcoCossio\.vscode\extensions\redhat.java-1.46.0-win32-x64\jre\21.0.8-win32-x86_64\bin\net.dll
0x00007ff9487d0000 - 0x00007ff9488ef000 	C:\WINDOWS\SYSTEM32\WINHTTP.dll
0x00007ff94e630000 - 0x00007ff94e69b000 	C:\WINDOWS\system32\mswsock.dll
0x00007ff921e20000 - 0x00007ff921e36000 	C:\Users\gianmarcoCossio\.vscode\extensions\redhat.java-1.46.0-win32-x64\jre\21.0.8-win32-x86_64\bin\nio.dll
0x00007ff92dc70000 - 0x00007ff92dc80000 	c:\Users\gianmarcoCossio\.vscode\extensions\redhat.java-1.46.0-win32-x64\jre\21.0.8-win32-x86_64\bin\verify.dll
0x00007ff8e2e10000 - 0x00007ff8e2e54000 	C:\Users\gianmarcoCossio\AppData\Roaming\Code\User\globalStorage\redhat.java\1.46.0\config_win\org.eclipse.equinox.launcher\org.eclipse.equinox.launcher.win32.win32.x86_64_1.2.1400.v20250801-0854\eclipse_11916.dll
0x00007ff950c90000 - 0x00007ff950e28000 	C:\WINDOWS\System32\ole32.dll
0x00007ff94e8d0000 - 0x00007ff94e8eb000 	C:\WINDOWS\SYSTEM32\CRYPTSP.dll
0x00007ff94e010000 - 0x00007ff94e04b000 	C:\WINDOWS\system32\rsaenh.dll
0x00007ff94e6d0000 - 0x00007ff94e6fb000 	C:\WINDOWS\SYSTEM32\USERENV.dll
0x00007ff94f1c0000 - 0x00007ff94f1e6000 	C:\WINDOWS\SYSTEM32\bcrypt.dll
0x00007ff94e8f0000 - 0x00007ff94e8fc000 	C:\WINDOWS\SYSTEM32\CRYPTBASE.dll
0x00007ff94da80000 - 0x00007ff94dab4000 	C:\WINDOWS\SYSTEM32\IPHLPAPI.DLL
0x00007ff951710000 - 0x00007ff95171a000 	C:\WINDOWS\System32\NSI.dll
0x00007ff8cc470000 - 0x00007ff8cc4b9000 	C:\Users\gianmarcoCossio\AppData\Local\Temp\jna-158748909\jna2588659788243113152.dll
0x00007ff9502d0000 - 0x00007ff9502d8000 	C:\WINDOWS\System32\PSAPI.DLL
0x00007ff948f00000 - 0x00007ff948f1e000 	C:\WINDOWS\SYSTEM32\dhcpcsvc6.DLL
0x00007ff948ed0000 - 0x00007ff948ef3000 	C:\WINDOWS\SYSTEM32\dhcpcsvc.DLL

JVMTI agents:
c:\Users\gianmarcoCossio\.vscode\extensions\redhat.java-1.46.0-win32-x64\lombok\lombok-1.18.39-4050.jar path:c:\Users\gianmarcoCossio\.vscode\extensions\redhat.java-1.46.0-win32-x64\jre\21.0.8-win32-x86_64\bin\instrument.dll, loaded, initialized, instrumentlib options:none

dbghelp: loaded successfully - version: 4.0.5 - missing functions: none
symbol engine: initialized successfully - sym options: 0x614 - pdb path: .;c:\Users\gianmarcoCossio\.vscode\extensions\redhat.java-1.46.0-win32-x64\jre\21.0.8-win32-x86_64\bin;C:\WINDOWS\SYSTEM32;C:\WINDOWS\WinSxS\amd64_microsoft.windows.common-controls_6595b64144ccf1df_6.0.26100.5074_none_3e0d6f78e32fd63f;c:\Users\gianmarcoCossio\.vscode\extensions\redhat.java-1.46.0-win32-x64\jre\21.0.8-win32-x86_64\bin\server;C:\Users\gianmarcoCossio\AppData\Roaming\Code\User\globalStorage\redhat.java\1.46.0\config_win\org.eclipse.equinox.launcher\org.eclipse.equinox.launcher.win32.win32.x86_64_1.2.1400.v20250801-0854;C:\Users\gianmarcoCossio\AppData\Local\Temp\jna-158748909

VM Arguments:
jvm_args: --add-modules=ALL-SYSTEM --add-opens=java.base/java.util=ALL-UNNAMED --add-opens=java.base/java.lang=ALL-UNNAMED --add-opens=java.base/sun.nio.fs=ALL-UNNAMED -Declipse.application=org.eclipse.jdt.ls.core.id1 -Dosgi.bundles.defaultStartLevel=4 -Declipse.product=org.eclipse.jdt.ls.core.product -Djava.import.generatesMetadataFilesAtProjectRoot=false -DDetectVMInstallationsJob.disabled=true -Dfile.encoding=utf8 -XX:+UseParallelGC -XX:GCTimeRatio=4 -XX:AdaptiveSizePolicyWeight=90 -Dsun.zip.disableMemoryMapping=true -Xmx2G -Xms100m -Xlog:disable -javaagent:c:\Users\gianmarcoCossio\.vscode\extensions\redhat.java-1.46.0-win32-x64\lombok\lombok-1.18.39-4050.jar -XX:+HeapDumpOnOutOfMemoryError -XX:HeapDumpPath=c:\Users\gianmarcoCossio\AppData\Roaming\Code\User\workspaceStorage\2958faadd93dec4beeb9ab44f71516fa\redhat.java -Daether.dependencyCollector.impl=bf 
java_command: c:\Users\gianmarcoCossio\.vscode\extensions\redhat.java-1.46.0-win32-x64\server\plugins\org.eclipse.equinox.launcher_1.7.0.v20250519-0528.jar -configuration c:\Users\gianmarcoCossio\AppData\Roaming\Code\User\globalStorage\redhat.java\1.46.0\config_win -data c:\Users\gianmarcoCossio\AppData\Roaming\Code\User\workspaceStorage\2958faadd93dec4beeb9ab44f71516fa\redhat.java\jdt_ws --pipe=\\.\pipe\lsp-c01ea5caa7dacaf16d73546e1e3d326d-sock
java_class_path (initial): c:\Users\gianmarcoCossio\.vscode\extensions\redhat.java-1.46.0-win32-x64\server\plugins\org.eclipse.equinox.launcher_1.7.0.v20250519-0528.jar
Launcher Type: SUN_STANDARD

[Global flags]
    uintx AdaptiveSizePolicyWeight                 = 90                                        {product} {command line}
     intx CICompilerCount                          = 12                                        {product} {ergonomic}
    uintx GCTimeRatio                              = 4                                         {product} {command line}
     bool HeapDumpOnOutOfMemoryError               = true                                   {manageable} {command line}
    ccstr HeapDumpPath                             = c:\Users\gianmarcoCossio\AppData\Roaming\Code\User\workspaceStorage\2958faadd93dec4beeb9ab44f71516fa\redhat.java         {manageable} {command line}
   size_t InitialHeapSize                          = 104857600                                 {product} {command line}
   size_t MaxHeapSize                              = 2147483648                                {product} {command line}
   size_t MaxNewSize                               = 715653120                                 {product} {ergonomic}
   size_t MinHeapDeltaBytes                        = 524288                                    {product} {ergonomic}
   size_t MinHeapSize                              = 104857600                                 {product} {command line}
   size_t NewSize                                  = 34603008                                  {product} {ergonomic}
    uintx NonNMethodCodeHeapSize                   = 7602480                                {pd product} {ergonomic}
    uintx NonProfiledCodeHeapSize                  = 122027880                              {pd product} {ergonomic}
   size_t OldSize                                  = 70254592                                  {product} {ergonomic}
    uintx ProfiledCodeHeapSize                     = 122027880                              {pd product} {ergonomic}
    uintx ReservedCodeCacheSize                    = 251658240                              {pd product} {ergonomic}
     bool SegmentedCodeCache                       = true                                      {product} {ergonomic}
   size_t SoftMaxHeapSize                          = 2147483648                             {manageable} {ergonomic}
     bool UseCompressedOops                        = true                           {product lp64_product} {ergonomic}
     bool UseLargePagesIndividualAllocation        = false                                  {pd product} {ergonomic}
     bool UseParallelGC                            = true                                      {product} {command line}

Logging:
Log output configuration:
 #0: stdout all=off uptime,level,tags foldmultilines=false
 #1: stderr all=off uptime,level,tags foldmultilines=false

Environment Variables:
JAVA_HOME=C:\Program Files\Java\jdk-21.0.8
PATH=C:\JEnv-for-Windows;C:\Program Files\Common Files\Oracle\Java\javapath;C:\app\gianmarcoCossio\product\21c\dbhomeXE\bin;C:\WINDOWS\system32;C:\WINDOWS;C:\WINDOWS\System32\Wbem;C:\WINDOWS\System32\WindowsPowerShell\v1.0\;C:\WINDOWS\System32\OpenSSH\;C:\Program Files\Git\cmd;C:\Program Files (x86)\Microsoft SQL Server\90\Tools\binn\;C:\Users\gianmarcoCossio\AppData\Roaming\nvm;C:\Program Files\nodejs;C:\Users\gianmarcoCossio\AppData\Local\Microsoft\WindowsApps;C:\Users\gianmarcoCossio\AppData\Local\Programs\Microsoft VS Code\bin;C:\Users\gianmarcoCossio\AppData\Local\GitHubDesktop\bin;C:\Users\gianmarcoCossio\AppData\Roaming\npm;C:\apache-tomcat-9.0.71\conf\Catalina;C:\Users\gianmarcoCossio\AppData\Local\Programs\Python\Python311\Scripts;C:\apache-maven-3.9.11\bin;C:\Program Files\Go\bin;C:\Program Files\Microsoft SQL Server\Client SDK\ODBC\170\Tools\Binn\;C:\Users\gianmarcoCossio\AppData\Local\Programs\Python\Python311;C:\Program Files\dotnet\;C:\Program Files (x86)\Microsoft SQL Server\160\Tools\Binn\;C:\Program Files\Microsoft SQL Server\160\Tools\Binn\;C:\Program Files\Microsoft SQL Server\160\DTS\Binn\;C:\Program Files\Amazon\AWSCLIV2\;C:\Program Files\Docker\Docker\resources\bin;C:\Program Files\PostgreSQL\17\bin;C:\Program Files\Java\jdk-21.0.8\bin\bin;C:\Program Files (x86)\graalvm-jdk-21.0.2+13.1;;C:\WINDOWS\system32;C:\WINDOWS;C:\WINDOWS\System32\Wbem;C:\WINDOWS\System32\WindowsPowerShell\v1.0\;C:\WINDOWS\System32\OpenSSH\;C:\Users\gianmarcoCossio\AppData\Local\Microsoft\WindowsApps;C:\Users\gianmarcoCossio\AppData\Local\Programs\Microsoft VS Code\bin;C:\Users\gianmarcoCossio\AppData\Local\GitHubDesktop\bin;C:\Users\gianmarcoCossio\AppData\Roaming\npm;C:\Users\gianmarcoCossio\AppData\Roaming\nvm;C:\Program Files\nodejs;C:\apache-tomcat-9.0.71\conf\Catalina;C:\Users\gianmarcoCossio\AppData\Local\Programs\Python\Python311\Scripts;C:\apache-maven-3.9.11\bin;C:\apache-maven-3.9.11\bin;C:\Users\gianmarcoCossio\go\bin;C:\Program Files\Go\bin;C:\Users\gianmarcoCossio\AppData\Local\Programs\Python\Python311;C:\Users\gianmarcoCossio\.dotnet\tools;C:\Program Files\MongoDB\Server\8.0\bin;C:\Program Files\MongoDB\mongosh-2.5.6-win32-x64\bin;C:\Program Files\PostgreSQL\17\bin;C:\Program Files\Java\jdk-21.0.8\bin;C:\Program Files (x86)\graalvm-jdk-21.0.2+13.1;
USERNAME=gianmarcoCossio
OS=Windows_NT
PROCESSOR_IDENTIFIER=AMD64 Family 23 Model 104 Stepping 1, AuthenticAMD
TMP=C:\Users\GIANMA~1\AppData\Local\Temp
TEMP=C:\Users\GIANMA~1\AppData\Local\Temp




Periodic native trim disabled

---------------  S Y S T E M  ---------------

OS:
 Windows 11 , 64 bit Build 26100 (10.0.26100.5074)
OS uptime: 1 days 9:04 hours
Hyper-V role detected

CPU: total 16 (initial active 16) (16 cores per cpu, 2 threads per core) family 23 model 104 stepping 1 microcode 0x8608103, cx8, cmov, fxsr, ht, mmx, 3dnowpref, sse, sse2, sse3, ssse3, sse4a, sse4.1, sse4.2, popcnt, lzcnt, tsc, tscinvbit, avx, avx2, aes, clmul, bmi1, bmi2, adx, sha, fma, vzeroupper, clflush, clflushopt, hv, rdtscp, rdpid, f16c
Processor Information for the first 16 processors :
  Max Mhz: 1801, Current Mhz: 1801, Mhz Limit: 1801

Memory: 4k page, system-wide physical 6005M (437M free)
TotalPageFile size 24437M (AvailPageFile size 4M)
current process WorkingSet (physical memory assigned to process): 437M, peak: 665M
current process commit charge ("private bytes"): 1525M, peak: 1784M

vm_info: OpenJDK 64-Bit Server VM (21.0.8+9-LTS) for windows-amd64 JRE (21.0.8+9-LTS), built on 2025-07-15T00:00:00Z by "admin" with MS VC++ 17.7 (VS2022)

END.
